Determining if the pthread_create exist failed with the following output:
Change Dir: /SSD2/alex/edgeBoxes-Cpp-version/CMakeFiles/CMakeTmp

Run Build Command:"/usr/bin/make" "cmTC_a31d4/fast"
/usr/bin/make -f CMakeFiles/cmTC_a31d4.dir/build.make CMakeFiles/cmTC_a31d4.dir/build
make[1]: Entering directory '/SSD2/alex/edgeBoxes-Cpp-version/CMakeFiles/CMakeTmp'
Building C object CMakeFiles/cmTC_a31d4.dir/CheckSymbolExists.c.o
/usr/bin/cc    -fPIC    -o CMakeFiles/cmTC_a31d4.dir/CheckSymbolExists.c.o   -c /SSD2/alex/edgeBoxes-Cpp-version/CMakeFiles/CMakeTmp/CheckSymbolExists.c
Linking C executable cmTC_a31d4
/usr/bin/cmake -E cmake_link_script CMakeFiles/cmTC_a31d4.dir/link.txt --verbose=1
/usr/bin/cc  -fPIC     CMakeFiles/cmTC_a31d4.dir/CheckSymbolExists.c.o  -o cmTC_a31d4 -rdynamic 
CMakeFiles/cmTC_a31d4.dir/CheckSymbolExists.c.o: In function `main':
CheckSymbolExists.c:(.text+0x1b): undefined reference to `pthread_create'
collect2: error: ld returned 1 exit status
CMakeFiles/cmTC_a31d4.dir/build.make:97: recipe for target 'cmTC_a31d4' failed
make[1]: *** [cmTC_a31d4] Error 1
make[1]: Leaving directory '/SSD2/alex/edgeBoxes-Cpp-version/CMakeFiles/CMakeTmp'
Makefile:126: recipe for target 'cmTC_a31d4/fast' failed
make: *** [cmTC_a31d4/fast] Error 2

File /SSD2/alex/edgeBoxes-Cpp-version/CMakeFiles/CMakeTmp/CheckSymbolExists.c:
/* */
#include <pthread.h>

int main(int argc, char** argv)
{
  (void)argv;
#ifndef pthread_create
  return ((int*)(&pthread_create))[argc];
#else
  (void)argc;
  return 0;
#endif
}

Determining if the function pthread_create exists in the pthreads failed with the following output:
Change Dir: /SSD2/alex/edgeBoxes-Cpp-version/CMakeFiles/CMakeTmp

Run Build Command:"/usr/bin/make" "cmTC_5cdf6/fast"
/usr/bin/make -f CMakeFiles/cmTC_5cdf6.dir/build.make CMakeFiles/cmTC_5cdf6.dir/build
make[1]: Entering directory '/SSD2/alex/edgeBoxes-Cpp-version/CMakeFiles/CMakeTmp'
Building C object CMakeFiles/cmTC_5cdf6.dir/CheckFunctionExists.c.o
/usr/bin/cc    -fPIC -DCHECK_FUNCTION_EXISTS=pthread_create   -o CMakeFiles/cmTC_5cdf6.dir/CheckFunctionExists.c.o   -c /usr/share/cmake-3.5/Modules/CheckFunctionExists.c
Linking C executable cmTC_5cdf6
/usr/bin/cmake -E cmake_link_script CMakeFiles/cmTC_5cdf6.dir/link.txt --verbose=1
/usr/bin/cc  -fPIC -DCHECK_FUNCTION_EXISTS=pthread_create    CMakeFiles/cmTC_5cdf6.dir/CheckFunctionExists.c.o  -o cmTC_5cdf6 -rdynamic -lpthreads 
/usr/bin/ld: cannot find -lpthreads
collect2: error: ld returned 1 exit status
CMakeFiles/cmTC_5cdf6.dir/build.make:97: recipe for target 'cmTC_5cdf6' failed
make[1]: *** [cmTC_5cdf6] Error 1
make[1]: Leaving directory '/SSD2/alex/edgeBoxes-Cpp-version/CMakeFiles/CMakeTmp'
Makefile:126: recipe for target 'cmTC_5cdf6/fast' failed
make: *** [cmTC_5cdf6/fast] Error 2


